Build started 2020/7/20 11:25:55.
     1>Project "F:\2018\随机森林\win32\System\System\System.vcxproj" on node 2 (build target(s)).
     1>InitializeBuildStatus:
         Creating "Release\System.unsuccessfulbuild" because "AlwaysCreate" was specified.
       ClCompile:
         All outputs are up-to-date.
         D:\DevelopTools\Microsoft Visual Studio 10.0\VC\bin\CL.exe /c /ID:\Opencv\opencv243\opencv\build\include /ID:\Opencv\opencv243\opencv\build\include\opencv /ID:\Opencv\opencv243\opencv\build\include\opencv2 /Zi /nologo /W3 /WX- /O2 /Oi /Oy- /GL /D WIN32 /D NDEBUG /D _CONSOLE /D _UNICODE /D UNICODE /Gm- /EHsc /MD /GS /Gy /fp:precise /Zc:wchar_t /Zc:forScope /Yu"StdAfx.h" /Fp"Release\System.pch" /Fo"Release\\" /Fd"Release\vc100.pdb" /Gd /TP /analyze- /errorReport:prompt System.cpp
         System.cpp
     1>System.cpp(94): warning C4018: '<' : signed/unsigned mismatch
     1>System.cpp(139): warning C4018: '<' : signed/unsigned mismatch
     1>System.cpp(153): warning C4244: '=' : conversion from 'int' to 'float', possible loss of data
     1>System.cpp(155): warning C4244: '=' : conversion from 'double' to 'float', possible loss of data
     1>System.cpp(156): warning C4244: '=' : conversion from 'double' to 'float', possible loss of data
     1>System.cpp(157): warning C4244: '=' : conversion from 'double' to 'float', possible loss of data
     1>System.cpp(158): warning C4244: '=' : conversion from 'double' to 'float', possible loss of data
     1>System.cpp(159): warning C4244: '=' : conversion from 'double' to 'float', possible loss of data
     1>System.cpp(160): warning C4244: '=' : conversion from 'double' to 'float', possible loss of data
     1>System.cpp(161): warning C4244: '=' : conversion from 'double' to 'float', possible loss of data
     1>System.cpp(229): warning C4018: '<' : signed/unsigned mismatch
     1>System.cpp(273): warning C4018: '<' : signed/unsigned mismatch
     1>System.cpp(276): warning C4244: '=' : conversion from 'double' to 'float', possible loss of data
     1>System.cpp(277): warning C4244: '=' : conversion from 'double' to 'float', possible loss of data
     1>System.cpp(278): warning C4244: '=' : conversion from 'double' to 'float', possible loss of data
     1>System.cpp(279): warning C4244: '=' : conversion from 'double' to 'float', possible loss of data
     1>System.cpp(280): warning C4244: '=' : conversion from 'double' to 'float', possible loss of data
     1>System.cpp(281): warning C4244: '=' : conversion from 'double' to 'float', possible loss of data
     1>System.cpp(282): warning C4244: '=' : conversion from 'double' to 'float', possible loss of data
     1>System.cpp(284): warning C4244: 'initializing' : conversion from 'float' to 'int', possible loss of data
     1>System.cpp(315): warning C4018: '<' : signed/unsigned mismatch
     1>System.cpp(319): warning C4244: '=' : conversion from 'double' to 'float', possible loss of data
     1>System.cpp(320): warning C4244: '=' : conversion from 'double' to 'float', possible loss of data
     1>System.cpp(321): warning C4244: '=' : conversion from 'double' to 'float', possible loss of data
     1>System.cpp(322): warning C4244: '=' : conversion from 'double' to 'float', possible loss of data
     1>System.cpp(323): warning C4244: '=' : conversion from 'double' to 'float', possible loss of data
     1>System.cpp(324): warning C4244: '=' : conversion from 'double' to 'float', possible loss of data
     1>System.cpp(325): warning C4244: '=' : conversion from 'double' to 'float', possible loss of data
     1>System.cpp(327): warning C4244: '=' : conversion from 'float' to 'int', possible loss of data
     1>System.cpp(375): warning C4018: '<' : signed/unsigned mismatch
     1>System.cpp(424): warning C4244: 'initializing' : conversion from 'double' to 'float', possible loss of data
     1>System.cpp(428): warning C4244: 'initializing' : conversion from 'double' to 'float', possible loss of data
     1>System.cpp(434): warning C4244: 'initializing' : conversion from 'double' to 'float', possible loss of data
     1>System.cpp(436): warning C4244: 'initializing' : conversion from 'double' to 'float', possible loss of data
     1>System.cpp(472): warning C4996: 'scanf': This function or variable may be unsafe. Consider using scanf_s instead. To disable deprecation, use _CRT_SECURE_NO_WARNINGS. See online help for details.
                 D:\DevelopTools\Microsoft Visual Studio 10.0\VC\include\stdio.h(304) : see declaration of 'scanf'
       Link:
         D:\DevelopTools\Microsoft Visual Studio 10.0\VC\bin\link.exe /ERRORREPORT:PROMPT /OUT:"F:\2018\随机森林\win32\System\Release\System.exe" /INCREMENTAL:NO /NOLOGO /LIBPATH:D:\Opencv\opencv243\opencv\build\x86\vc10\lib opencv_contrib243.lib opencv_core243.lib opencv_features2d243.lib opencv_flann243.lib opencv_highgui243.lib opencv_imgproc243.lib opencv_legacy243.lib opencv_ml243.lib opencv_objdetect243.lib opencv_video243.lib /MANIFEST /ManifestFile:"Release\System.exe.intermediate.manifest" /MANIFESTUAC:"level='asInvoker' uiAccess='false'" /DEBUG /PDB:"F:\2018\随机森林\win32\System\Release\System.pdb" /SUBSYSTEM:CONSOLE /OPT:REF /OPT:ICF /LTCG /TLBID:1 /DYNAMICBASE /NXCOMPAT /IMPLIB:"F:\2018\随机森林\win32\System\Release\System.lib" /MACHINE:X86 Release\stdafx.obj
         Release\System.obj
         Generating code
         Finished generating code
         System.vcxproj -> F:\2018\随机森林\win32\System\Release\System.exe
       Manifest:
         C:\Program Files (x86)\Microsoft SDKs\Windows\v7.0A\bin\mt.exe /nologo /verbose /outputresource:"F:\2018\随机森林\win32\System\Release\System.exe;#1" /manifest Release\System.exe.intermediate.manifest
       FinalizeBuildStatus:
         Deleting file "Release\System.unsuccessfulbuild".
         Touching "Release\System.lastbuildstate".
     1>Done Building Project "F:\2018\随机森林\win32\System\System\System.vcxproj" (build target(s)).

Build succeeded.

Time Elapsed 00:00:01.88
